<?xml version="1.0" encoding="UTF-8"?>
<testng-results ignored="0" total="1" passed="1" failed="0" skipped="0">
  <reporter-output>
  </reporter-output>
  <suite started-at="2022-04-18T11:56:08 IST" name="Default suite" finished-at="2022-04-18T11:57:33 IST" duration-ms="84479">
    <groups>
    </groups>
    <test started-at="2022-04-18T11:56:08 IST" name="Default test" finished-at="2022-04-18T11:57:33 IST" duration-ms="84479">
      <class name="TestNG.Reports">
        <test-method is-config="true" signature="setDriver()[pri:0, instance:TestNG.Reports@6c65860d]" started-at="2022-04-18T11:56:08 IST" name="setDriver" finished-at="2022-04-18T11:56:11 IST" duration-ms="3364" status="PASS">
          <reporter-output>
          </reporter-output>
        </test-method> <!-- setDriver -->
        <test-method signature="Mcd()[pri:0, instance:TestNG.Reports@6c65860d]" started-at="2022-04-18T11:56:11 IST" name="Mcd" finished-at="2022-04-18T11:57:32 IST" duration-ms="80931" status="PASS">
          <reporter-output>
          </reporter-output>
        </test-method> <!-- Mcd -->
      </class> <!-- TestNG.Reports -->
    </test> <!-- Default test -->
  </suite> <!-- Default suite -->
</testng-results>
